0 info it worked if it ends with ok
1 verbose cli [ 'node', '/usr/local/bin/npm', 'install', '-g', 'grunt-cli' ]
2 info using npm@1.2.32
3 info using node@v0.10.12
4 verbose read json /usr/local/lib/package.json
5 verbose read json /usr/local/lib/package.json
6 verbose cache add [ 'grunt-cli', null ]
7 verbose cache add name=undefined spec="grunt-cli" args=["grunt-cli",null]
8 verbose parsed url { protocol: null,
8 verbose parsed url   slashes: null,
8 verbose parsed url   auth: null,
8 verbose parsed url   host: null,
8 verbose parsed url   port: null,
8 verbose parsed url   hostname: null,
8 verbose parsed url   hash: null,
8 verbose parsed url   search: null,
8 verbose parsed url   query: null,
8 verbose parsed url   pathname: 'grunt-cli',
8 verbose parsed url   path: 'grunt-cli',
8 verbose parsed url   href: 'grunt-cli' }
9 silly lockFile 671ef8ac-grunt-cli grunt-cli
10 verbose lock grunt-cli /Users/martin/.npm/671ef8ac-grunt-cli.lock
11 silly lockFile 671ef8ac-grunt-cli grunt-cli
12 silly lockFile 671ef8ac-grunt-cli grunt-cli
13 verbose addNamed [ 'grunt-cli', '' ]
14 verbose addNamed [ null, '' ]
15 silly lockFile d63f3d0b-grunt-cli grunt-cli@
16 verbose lock grunt-cli@ /Users/martin/.npm/d63f3d0b-grunt-cli.lock
17 silly addNameRange { name: 'grunt-cli', range: '', hasData: false }
18 verbose url raw grunt-cli
19 verbose url resolving [ 'https://registry.npmjs.org/', './grunt-cli' ]
20 verbose url resolved https://registry.npmjs.org/grunt-cli
21 info trying registry request attempt 1 at 10:48:30
22 http GET https://registry.npmjs.org/grunt-cli
23 http 200 https://registry.npmjs.org/grunt-cli
24 silly registry.get cb [ 200,
24 silly registry.get   { vary: 'Accept',
24 silly registry.get     server: 'CouchDB/1.3.0 (Erlang OTP/R15B03)',
24 silly registry.get     etag: '"5KFYFUXPBFHAD1WL0XOB3XBYE"',
24 silly registry.get     date: 'Sun, 23 Jun 2013 09:48:32 GMT',
24 silly registry.get     'content-type': 'application/json',
24 silly registry.get     'content-length': '22803' } ]
25 silly addNameRange number 2 { name: 'grunt-cli', range: '', hasData: true }
26 silly addNameRange versions [ 'grunt-cli',
26 silly addNameRange   [ '0.1.0',
26 silly addNameRange     '0.1.1',
26 silly addNameRange     '0.1.2',
26 silly addNameRange     '0.1.3',
26 silly addNameRange     '0.1.4',
26 silly addNameRange     '0.1.5',
26 silly addNameRange     '0.1.6',
26 silly addNameRange     '0.1.7',
26 silly addNameRange     '0.1.8',
26 silly addNameRange     '0.1.9' ] ]
27 verbose addNamed [ 'grunt-cli', '0.1.9' ]
28 verbose addNamed [ '0.1.9', '0.1.9' ]
29 silly lockFile 8faf2ed8-grunt-cli-0-1-9 grunt-cli@0.1.9
30 verbose lock grunt-cli@0.1.9 /Users/martin/.npm/8faf2ed8-grunt-cli-0-1-9.lock
31 silly lockFile a0965bb5-rg-grunt-cli-grunt-cli-0-1-9-tgz https://registry.npmjs.org/grunt-cli/-/grunt-cli-0.1.9.tgz
32 verbose lock https://registry.npmjs.org/grunt-cli/-/grunt-cli-0.1.9.tgz /Users/martin/.npm/a0965bb5-rg-grunt-cli-grunt-cli-0-1-9-tgz.lock
33 verbose addRemoteTarball [ 'https://registry.npmjs.org/grunt-cli/-/grunt-cli-0.1.9.tgz',
33 verbose addRemoteTarball   '3f08bfb0bef30ba33083defe53efe0575cbe4e14' ]
34 info retry fetch attempt 1 at 10:48:32
35 verbose fetch to= /var/folders/kh/rh_3dzq565qby8y7t4bsh7l40000gn/T/npm-4376/1371980912728-0.3307314666453749/tmp.tgz
36 http GET https://registry.npmjs.org/grunt-cli/-/grunt-cli-0.1.9.tgz
37 http 200 https://registry.npmjs.org/grunt-cli/-/grunt-cli-0.1.9.tgz
38 verbose tar unpack /var/folders/kh/rh_3dzq565qby8y7t4bsh7l40000gn/T/npm-4376/1371980912728-0.3307314666453749/tmp.tgz
39 silly lockFile 2e34a0c6-12728-0-3307314666453749-package tar:///var/folders/kh/rh_3dzq565qby8y7t4bsh7l40000gn/T/npm-4376/1371980912728-0.3307314666453749/package
40 verbose lock tar:///var/folders/kh/rh_3dzq565qby8y7t4bsh7l40000gn/T/npm-4376/1371980912728-0.3307314666453749/package /Users/martin/.npm/2e34a0c6-12728-0-3307314666453749-package.lock
41 silly lockFile 4a351cb7-12728-0-3307314666453749-tmp-tgz tar:///var/folders/kh/rh_3dzq565qby8y7t4bsh7l40000gn/T/npm-4376/1371980912728-0.3307314666453749/tmp.tgz
42 verbose lock tar:///var/folders/kh/rh_3dzq565qby8y7t4bsh7l40000gn/T/npm-4376/1371980912728-0.3307314666453749/tmp.tgz /Users/martin/.npm/4a351cb7-12728-0-3307314666453749-tmp-tgz.lock
43 silly gunzTarPerm modes [ '755', '644' ]
44 silly gunzTarPerm extractEntry package.json
45 silly gunzTarPerm extractEntry .npmignore
46 silly gunzTarPerm extractEntry README.md
47 silly gunzTarPerm extractEntry Gruntfile.js
48 silly gunzTarPerm extractEntry .travis.yml
49 silly gunzTarPerm extractEntry AUTHORS
50 silly gunzTarPerm extractEntry LICENSE-MIT
51 silly gunzTarPerm extractEntry bin/grunt
52 silly gunzTarPerm extractEntry completion/bash
53 silly gunzTarPerm extractEntry lib/cli.js
54 silly gunzTarPerm extractEntry lib/completion.js
55 silly gunzTarPerm extractEntry lib/info.js
56 verbose read json /var/folders/kh/rh_3dzq565qby8y7t4bsh7l40000gn/T/npm-4376/1371980912728-0.3307314666453749/package/package.json
57 silly lockFile 2e34a0c6-12728-0-3307314666453749-package tar:///var/folders/kh/rh_3dzq565qby8y7t4bsh7l40000gn/T/npm-4376/1371980912728-0.3307314666453749/package
58 silly lockFile 2e34a0c6-12728-0-3307314666453749-package tar:///var/folders/kh/rh_3dzq565qby8y7t4bsh7l40000gn/T/npm-4376/1371980912728-0.3307314666453749/package
59 silly lockFile 4a351cb7-12728-0-3307314666453749-tmp-tgz tar:///var/folders/kh/rh_3dzq565qby8y7t4bsh7l40000gn/T/npm-4376/1371980912728-0.3307314666453749/tmp.tgz
60 silly lockFile 4a351cb7-12728-0-3307314666453749-tmp-tgz tar:///var/folders/kh/rh_3dzq565qby8y7t4bsh7l40000gn/T/npm-4376/1371980912728-0.3307314666453749/tmp.tgz
61 verbose from cache /var/folders/kh/rh_3dzq565qby8y7t4bsh7l40000gn/T/npm-4376/1371980912728-0.3307314666453749/package/package.json
62 verbose tar pack [ '/Users/martin/.npm/grunt-cli/0.1.9/package.tgz',
62 verbose tar pack   '/var/folders/kh/rh_3dzq565qby8y7t4bsh7l40000gn/T/npm-4376/1371980912728-0.3307314666453749/package' ]
63 verbose tarball /Users/martin/.npm/grunt-cli/0.1.9/package.tgz
64 verbose folder /var/folders/kh/rh_3dzq565qby8y7t4bsh7l40000gn/T/npm-4376/1371980912728-0.3307314666453749/package
65 silly lockFile 2e34a0c6-12728-0-3307314666453749-package tar:///var/folders/kh/rh_3dzq565qby8y7t4bsh7l40000gn/T/npm-4376/1371980912728-0.3307314666453749/package
66 verbose lock tar:///var/folders/kh/rh_3dzq565qby8y7t4bsh7l40000gn/T/npm-4376/1371980912728-0.3307314666453749/package /Users/martin/.npm/2e34a0c6-12728-0-3307314666453749-package.lock
67 silly lockFile fd5484e2--npm-grunt-cli-0-1-9-package-tgz tar:///Users/martin/.npm/grunt-cli/0.1.9/package.tgz
68 verbose lock tar:///Users/martin/.npm/grunt-cli/0.1.9/package.tgz /Users/martin/.npm/fd5484e2--npm-grunt-cli-0-1-9-package-tgz.lock
69 silly lockFile 2e34a0c6-12728-0-3307314666453749-package tar:///var/folders/kh/rh_3dzq565qby8y7t4bsh7l40000gn/T/npm-4376/1371980912728-0.3307314666453749/package
70 silly lockFile 2e34a0c6-12728-0-3307314666453749-package tar:///var/folders/kh/rh_3dzq565qby8y7t4bsh7l40000gn/T/npm-4376/1371980912728-0.3307314666453749/package
71 silly lockFile fd5484e2--npm-grunt-cli-0-1-9-package-tgz tar:///Users/martin/.npm/grunt-cli/0.1.9/package.tgz
72 silly lockFile fd5484e2--npm-grunt-cli-0-1-9-package-tgz tar:///Users/martin/.npm/grunt-cli/0.1.9/package.tgz
73 silly lockFile 548d4e08-rtin-npm-grunt-cli-0-1-9-package /Users/martin/.npm/grunt-cli/0.1.9/package
74 verbose lock /Users/martin/.npm/grunt-cli/0.1.9/package /Users/martin/.npm/548d4e08-rtin-npm-grunt-cli-0-1-9-package.lock
75 silly lockFile 548d4e08-rtin-npm-grunt-cli-0-1-9-package /Users/martin/.npm/grunt-cli/0.1.9/package
76 silly lockFile 548d4e08-rtin-npm-grunt-cli-0-1-9-package /Users/martin/.npm/grunt-cli/0.1.9/package
77 verbose tar unpack /Users/martin/.npm/grunt-cli/0.1.9/package.tgz
78 silly lockFile b4525fc3-rtin-npm-grunt-cli-0-1-9-package tar:///Users/martin/.npm/grunt-cli/0.1.9/package
79 verbose lock tar:///Users/martin/.npm/grunt-cli/0.1.9/package /Users/martin/.npm/b4525fc3-rtin-npm-grunt-cli-0-1-9-package.lock
80 silly lockFile fd5484e2--npm-grunt-cli-0-1-9-package-tgz tar:///Users/martin/.npm/grunt-cli/0.1.9/package.tgz
81 verbose lock tar:///Users/martin/.npm/grunt-cli/0.1.9/package.tgz /Users/martin/.npm/fd5484e2--npm-grunt-cli-0-1-9-package-tgz.lock
82 silly gunzTarPerm modes [ '755', '644' ]
83 silly gunzTarPerm extractEntry package.json
84 silly gunzTarPerm extractEntry .npmignore
85 silly gunzTarPerm extractEntry README.md
86 silly gunzTarPerm extractEntry Gruntfile.js
87 silly gunzTarPerm extractEntry .travis.yml
88 silly gunzTarPerm extractEntry AUTHORS
89 silly gunzTarPerm extractEntry LICENSE-MIT
90 silly gunzTarPerm extractEntry bin/grunt
91 silly gunzTarPerm extractEntry completion/bash
92 silly gunzTarPerm extractEntry lib/cli.js
93 silly gunzTarPerm extractEntry lib/completion.js
94 silly gunzTarPerm extractEntry lib/info.js
95 verbose read json /Users/martin/.npm/grunt-cli/0.1.9/package/package.json
96 silly lockFile b4525fc3-rtin-npm-grunt-cli-0-1-9-package tar:///Users/martin/.npm/grunt-cli/0.1.9/package
97 silly lockFile b4525fc3-rtin-npm-grunt-cli-0-1-9-package tar:///Users/martin/.npm/grunt-cli/0.1.9/package
98 silly lockFile fd5484e2--npm-grunt-cli-0-1-9-package-tgz tar:///Users/martin/.npm/grunt-cli/0.1.9/package.tgz
99 silly lockFile fd5484e2--npm-grunt-cli-0-1-9-package-tgz tar:///Users/martin/.npm/grunt-cli/0.1.9/package.tgz
100 verbose from cache /Users/martin/.npm/grunt-cli/0.1.9/package/package.json
101 verbose chmod /Users/martin/.npm/grunt-cli/0.1.9/package.tgz 644
102 verbose chown /Users/martin/.npm/grunt-cli/0.1.9/package.tgz [ 501, 20 ]
103 silly lockFile a0965bb5-rg-grunt-cli-grunt-cli-0-1-9-tgz https://registry.npmjs.org/grunt-cli/-/grunt-cli-0.1.9.tgz
104 silly lockFile a0965bb5-rg-grunt-cli-grunt-cli-0-1-9-tgz https://registry.npmjs.org/grunt-cli/-/grunt-cli-0.1.9.tgz
105 silly lockFile 8faf2ed8-grunt-cli-0-1-9 grunt-cli@0.1.9
106 silly lockFile 8faf2ed8-grunt-cli-0-1-9 grunt-cli@0.1.9
107 silly lockFile d63f3d0b-grunt-cli grunt-cli@
108 silly lockFile d63f3d0b-grunt-cli grunt-cli@
109 silly resolved [ { name: 'grunt-cli',
109 silly resolved     description: 'The grunt command line interface.',
109 silly resolved     version: '0.1.9',
109 silly resolved     author: { name: 'Grunt Team' },
109 silly resolved     homepage: 'http://gruntjs.com/',
109 silly resolved     repository: { type: 'git', url: 'git://github.com/gruntjs/grunt-cli.git' },
109 silly resolved     bugs: { url: 'http://github.com/gruntjs/grunt-cli/issues' },
109 silly resolved     licenses: [ [Object] ],
109 silly resolved     bin: { grunt: 'bin/grunt' },
109 silly resolved     engines: { node: '>= 0.8.0' },
109 silly resolved     scripts: { test: 'node bin/grunt test' },
109 silly resolved     preferGlobal: true,
109 silly resolved     dependencies: { nopt: '~1.0.10', 'findup-sync': '~0.1.0', resolve: '~0.3.1' },
109 silly resolved     devDependencies: { grunt: '~0.4.0', 'grunt-contrib-jshint': '~0.2.0' },
109 silly resolved     contributors: [ [Object], [Object], [Object], [Object] ],
109 silly resolved     readme: '# grunt-cli [![Build Status](https://secure.travis-ci.org/gruntjs/grunt-cli.png?branch=master)](http://travis-ci.org/gruntjs/grunt-cli)\n> The Grunt command line interface.\n\nInstall this globally and you\'ll have access to the `grunt` command anywhere on your system.\n\n```shell\nnpm install -g grunt-cli\n```\n\n**Note:** The job of the `grunt` command is to load and run the version of Grunt you have installed locally to your project, irrespective of its version.  Starting with Grunt v0.4, you should never install Grunt itself globally.  For more information about why, [please read this](http://blog.nodejs.org/2011/03/23/npm-1-0-global-vs-local-installation).\n\nSee the [Getting Started](http://gruntjs.com/getting-started) guide for more information.\n\n## Shell tab auto-completion\nTo enable bash tab auto-completion for Grunt, add the following line to your `~/.bashrc` file. Currently, the only supported shell is bash.\n\n```bash\neval "$(grunt --completion=bash)"\n```\n\n## Installing grunt-cli locally\nIf you don\'t have administrator rights, you may need to install grunt-cli locally to your project using `npm install grunt-cli --save-dev`.  Unfortunately, this will not put the `grunt` executable in your PATH.  You\'ll need to specify its explicit location when executing it, eg: `./node_modules/.bin/grunt`,\n\nNote: Using grunt-cli in this way is unsupported.\n',
109 silly resolved     readmeFilename: 'README.md',
109 silly resolved     _id: 'grunt-cli@0.1.9',
109 silly resolved     dist: { shasum: '3f08bfb0bef30ba33083defe53efe0575cbe4e14' },
109 silly resolved     _from: 'grunt-cli@',
109 silly resolved     _resolved: 'https://registry.npmjs.org/grunt-cli/-/grunt-cli-0.1.9.tgz' } ]
110 info install grunt-cli@0.1.9 into /usr/local/lib
111 info installOne grunt-cli@0.1.9
112 verbose from cache /Users/martin/.npm/grunt-cli/0.1.9/package/package.json
113 info /usr/local/lib/node_modules/grunt-cli unbuild
114 verbose read json /usr/local/lib/node_modules/grunt-cli/package.json
115 verbose tar unpack /Users/martin/.npm/grunt-cli/0.1.9/package.tgz
116 silly lockFile 466968dc-local-lib-node-modules-grunt-cli tar:///usr/local/lib/node_modules/grunt-cli
117 verbose lock tar:///usr/local/lib/node_modules/grunt-cli /Users/martin/.npm/466968dc-local-lib-node-modules-grunt-cli.lock
118 silly lockFile fd5484e2--npm-grunt-cli-0-1-9-package-tgz tar:///Users/martin/.npm/grunt-cli/0.1.9/package.tgz
119 verbose lock tar:///Users/martin/.npm/grunt-cli/0.1.9/package.tgz /Users/martin/.npm/fd5484e2--npm-grunt-cli-0-1-9-package-tgz.lock
120 silly gunzTarPerm modes [ '755', '644' ]
121 error Error: EACCES, mkdir '/usr/local/lib/node_modules/grunt-cli'
121 error  { [Error: EACCES, mkdir '/usr/local/lib/node_modules/grunt-cli']
121 error   errno: 3,
121 error   code: 'EACCES',
121 error   path: '/usr/local/lib/node_modules/grunt-cli',
121 error   fstream_type: 'Directory',
121 error   fstream_path: '/usr/local/lib/node_modules/grunt-cli',
121 error   fstream_class: 'DirWriter',
121 error   fstream_stack:
121 error    [ '/usr/local/lib/node_modules/npm/node_modules/fstream/lib/dir-writer.js:36:23',
121 error      '/usr/local/lib/node_modules/npm/node_modules/mkdirp/index.js:37:53',
121 error      'Object.oncomplete (fs.js:107:15)' ] }
122 error Please try running this command again as root/Administrator.
123 error System Darwin 12.3.0
124 error command "node" "/usr/local/bin/npm" "install" "-g" "grunt-cli"
125 error cwd /Users/martin/Documents/code/slides
126 error node -v v0.10.12
127 error npm -v 1.2.32
128 error path /usr/local/lib/node_modules/grunt-cli
129 error fstream_path /usr/local/lib/node_modules/grunt-cli
130 error fstream_type Directory
131 error fstream_class DirWriter
132 error code EACCES
133 error errno 3
134 error stack Error: EACCES, mkdir '/usr/local/lib/node_modules/grunt-cli'
135 error fstream_stack /usr/local/lib/node_modules/npm/node_modules/fstream/lib/dir-writer.js:36:23
135 error fstream_stack /usr/local/lib/node_modules/npm/node_modules/mkdirp/index.js:37:53
135 error fstream_stack Object.oncomplete (fs.js:107:15)
136 verbose exit [ 3, true ]
